[0.015s] Invoking command in '/home/vudinhso/RMIT_Bot/lesson3_ws/build/my_robot_controller': CMAKE_PREFIX_PATH=${CMAKE_PREFIX_PATH}:/opt/ros/jazzy DEBUGINFOD_URLS=https://debuginfod.ubuntu.com /usr/bin/cmake --build /home/vudinhso/RMIT_Bot/lesson3_ws/build/my_robot_controller -- -j4 -l4
[0.069s] -- Found ament_cmake: 2.5.3 (/opt/ros/jazzy/share/ament_cmake/cmake)
[0.463s] -- Configuring done (0.4s)
[0.477s] -- Generating done (0.0s)
[0.481s] -- Build files have been written to: /home/vudinhso/RMIT_Bot/lesson3_ws/build/my_robot_controller
[0.512s] Invoked command in '/home/vudinhso/RMIT_Bot/lesson3_ws/build/my_robot_controller' returned '0': CMAKE_PREFIX_PATH=${CMAKE_PREFIX_PATH}:/opt/ros/jazzy DEBUGINFOD_URLS=https://debuginfod.ubuntu.com /usr/bin/cmake --build /home/vudinhso/RMIT_Bot/lesson3_ws/build/my_robot_controller -- -j4 -l4
[0.513s] Invoking command in '/home/vudinhso/RMIT_Bot/lesson3_ws/build/my_robot_controller': CMAKE_PREFIX_PATH=${CMAKE_PREFIX_PATH}:/opt/ros/jazzy DEBUGINFOD_URLS=https://debuginfod.ubuntu.com /usr/bin/cmake --install /home/vudinhso/RMIT_Bot/lesson3_ws/build/my_robot_controller
[0.522s] -- Install configuration: ""
[0.522s] -- Up-to-date: /home/vudinhso/RMIT_Bot/lesson3_ws/install/my_robot_controller/share/my_robot_controller/launch
[0.522s] -- Installing: /home/vudinhso/RMIT_Bot/lesson3_ws/install/my_robot_controller/share/my_robot_controller/launch/controller.launch.py
[0.522s] -- Installing: /home/vudinhso/RMIT_Bot/lesson3_ws/install/my_robot_controller/share/my_robot_controller/launch/teleopkeyboard.launch.py
[0.523s] -- Up-to-date: /home/vudinhso/RMIT_Bot/lesson3_ws/install/my_robot_controller/share/my_robot_controller/config
[0.523s] -- Up-to-date: /home/vudinhso/RMIT_Bot/lesson3_ws/install/my_robot_controller/share/my_robot_controller/config/my_robot_controllers.yaml
[0.523s] -- Up-to-date: /home/vudinhso/RMIT_Bot/lesson3_ws/install/my_robot_controller/share/ament_index/resource_index/package_run_dependencies/my_robot_controller
[0.523s] -- Installing: /home/vudinhso/RMIT_Bot/lesson3_ws/install/my_robot_controller/share/ament_index/resource_index/parent_prefix_path/my_robot_controller
[0.523s] -- Up-to-date: /home/vudinhso/RMIT_Bot/lesson3_ws/install/my_robot_controller/share/my_robot_controller/environment/ament_prefix_path.sh
[0.523s] -- Up-to-date: /home/vudinhso/RMIT_Bot/lesson3_ws/install/my_robot_controller/share/my_robot_controller/environment/ament_prefix_path.dsv
[0.523s] -- Up-to-date: /home/vudinhso/RMIT_Bot/lesson3_ws/install/my_robot_controller/share/my_robot_controller/environment/path.sh
[0.524s] -- Up-to-date: /home/vudinhso/RMIT_Bot/lesson3_ws/install/my_robot_controller/share/my_robot_controller/environment/path.dsv
[0.524s] -- Up-to-date: /home/vudinhso/RMIT_Bot/lesson3_ws/install/my_robot_controller/share/my_robot_controller/local_setup.bash
[0.524s] -- Up-to-date: /home/vudinhso/RMIT_Bot/lesson3_ws/install/my_robot_controller/share/my_robot_controller/local_setup.sh
[0.524s] -- Up-to-date: /home/vudinhso/RMIT_Bot/lesson3_ws/install/my_robot_controller/share/my_robot_controller/local_setup.zsh
[0.524s] -- Up-to-date: /home/vudinhso/RMIT_Bot/lesson3_ws/install/my_robot_controller/share/my_robot_controller/local_setup.dsv
[0.524s] -- Installing: /home/vudinhso/RMIT_Bot/lesson3_ws/install/my_robot_controller/share/my_robot_controller/package.dsv
[0.524s] -- Up-to-date: /home/vudinhso/RMIT_Bot/lesson3_ws/install/my_robot_controller/share/ament_index/resource_index/packages/my_robot_controller
[0.524s] -- Up-to-date: /home/vudinhso/RMIT_Bot/lesson3_ws/install/my_robot_controller/share/my_robot_controller/cmake/my_robot_controllerConfig.cmake
[0.524s] -- Up-to-date: /home/vudinhso/RMIT_Bot/lesson3_ws/install/my_robot_controller/share/my_robot_controller/cmake/my_robot_controllerConfig-version.cmake
[0.524s] -- Installing: /home/vudinhso/RMIT_Bot/lesson3_ws/install/my_robot_controller/share/my_robot_controller/package.xml
[0.525s] Invoked command in '/home/vudinhso/RMIT_Bot/lesson3_ws/build/my_robot_controller' returned '0': CMAKE_PREFIX_PATH=${CMAKE_PREFIX_PATH}:/opt/ros/jazzy DEBUGINFOD_URLS=https://debuginfod.ubuntu.com /usr/bin/cmake --install /home/vudinhso/RMIT_Bot/lesson3_ws/build/my_robot_controller
