[0.026s] Invoking command in '/home/vudinhso/RMIT_Bot/lesson4_ws/build/rmitbot_description': CMAKE_PREFIX_PATH=${CMAKE_PREFIX_PATH}:/opt/ros/jazzy DEBUGINFOD_URLS=https://debuginfod.ubuntu.com /usr/bin/cmake --build /home/vudinhso/RMIT_Bot/lesson4_ws/build/rmitbot_description -- -j4 -l4
[0.107s] -- Found ament_cmake: 2.5.3 (/opt/ros/jazzy/share/ament_cmake/cmake)
[0.570s] -- Configuring done (0.5s)
[0.579s] -- Generating done (0.0s)
[0.581s] -- Build files have been written to: /home/vudinhso/RMIT_Bot/lesson4_ws/build/rmitbot_description
[0.614s] Invoked command in '/home/vudinhso/RMIT_Bot/lesson4_ws/build/rmitbot_description' returned '0': CMAKE_PREFIX_PATH=${CMAKE_PREFIX_PATH}:/opt/ros/jazzy DEBUGINFOD_URLS=https://debuginfod.ubuntu.com /usr/bin/cmake --build /home/vudinhso/RMIT_Bot/lesson4_ws/build/rmitbot_description -- -j4 -l4
[0.616s] Invoking command in '/home/vudinhso/RMIT_Bot/lesson4_ws/build/rmitbot_description': CMAKE_PREFIX_PATH=${CMAKE_PREFIX_PATH}:/opt/ros/jazzy DEBUGINFOD_URLS=https://debuginfod.ubuntu.com /usr/bin/cmake --install /home/vudinhso/RMIT_Bot/lesson4_ws/build/rmitbot_description
[0.627s] -- Install configuration: ""
[0.627s] -- Up-to-date: /home/vudinhso/RMIT_Bot/lesson4_ws/install/rmitbot_description/share/rmitbot_description/meshes
[0.627s] -- Up-to-date: /home/vudinhso/RMIT_Bot/lesson4_ws/install/rmitbot_description/share/rmitbot_description/meshes/wheel_left_link.STL
[0.627s] -- Up-to-date: /home/vudinhso/RMIT_Bot/lesson4_ws/install/rmitbot_description/share/rmitbot_description/meshes/base_link.STL
[0.627s] -- Up-to-date: /home/vudinhso/RMIT_Bot/lesson4_ws/install/rmitbot_description/share/rmitbot_description/meshes/caster_front_link.STL
[0.629s] -- Up-to-date: /home/vudinhso/RMIT_Bot/lesson4_ws/install/rmitbot_description/share/rmitbot_description/meshes/caster_rear_link.STL
[0.630s] -- Up-to-date: /home/vudinhso/RMIT_Bot/lesson4_ws/install/rmitbot_description/share/rmitbot_description/meshes/imu_link.STL
[0.630s] -- Up-to-date: /home/vudinhso/RMIT_Bot/lesson4_ws/install/rmitbot_description/share/rmitbot_description/meshes/wheel_right_link.STL
[0.630s] -- Up-to-date: /home/vudinhso/RMIT_Bot/lesson4_ws/install/rmitbot_description/share/rmitbot_description/urdf
[0.630s] -- Installing: /home/vudinhso/RMIT_Bot/lesson4_ws/install/rmitbot_description/share/rmitbot_description/urdf/rmitbot_gazebo.xacro
[0.630s] -- Installing: /home/vudinhso/RMIT_Bot/lesson4_ws/install/rmitbot_description/share/rmitbot_description/urdf/rmitbot_ros2_control.xacro
[0.631s] -- Installing: /home/vudinhso/RMIT_Bot/lesson4_ws/install/rmitbot_description/share/rmitbot_description/urdf/rmitbot_platform.xacro
[0.631s] -- Installing: /home/vudinhso/RMIT_Bot/lesson4_ws/install/rmitbot_description/share/rmitbot_description/urdf/rmitbot.urdf.xacro
[0.631s] -- Installing: /home/vudinhso/RMIT_Bot/lesson4_ws/install/rmitbot_description/share/rmitbot_description/urdf/rmitbot_imu.xacro
[0.631s] -- Up-to-date: /home/vudinhso/RMIT_Bot/lesson4_ws/install/rmitbot_description/share/rmitbot_description/launch
[0.631s] -- Installing: /home/vudinhso/RMIT_Bot/lesson4_ws/install/rmitbot_description/share/rmitbot_description/launch/gazebo.launch.py
[0.632s] -- Installing: /home/vudinhso/RMIT_Bot/lesson4_ws/install/rmitbot_description/share/rmitbot_description/launch/display.launch.py
[0.632s] -- Up-to-date: /home/vudinhso/RMIT_Bot/lesson4_ws/install/rmitbot_description/share/rmitbot_description/rviz
[0.632s] -- Up-to-date: /home/vudinhso/RMIT_Bot/lesson4_ws/install/rmitbot_description/share/rmitbot_description/rviz/display.rviz
[0.632s] -- Installing: /home/vudinhso/RMIT_Bot/lesson4_ws/install/rmitbot_description/share/ament_index/resource_index/package_run_dependencies/rmitbot_description
[0.633s] -- Installing: /home/vudinhso/RMIT_Bot/lesson4_ws/install/rmitbot_description/share/ament_index/resource_index/parent_prefix_path/rmitbot_description
[0.633s] -- Up-to-date: /home/vudinhso/RMIT_Bot/lesson4_ws/install/rmitbot_description/share/rmitbot_description/environment/ament_prefix_path.sh
[0.633s] -- Up-to-date: /home/vudinhso/RMIT_Bot/lesson4_ws/install/rmitbot_description/share/rmitbot_description/environment/ament_prefix_path.dsv
[0.633s] -- Up-to-date: /home/vudinhso/RMIT_Bot/lesson4_ws/install/rmitbot_description/share/rmitbot_description/environment/path.sh
[0.633s] -- Up-to-date: /home/vudinhso/RMIT_Bot/lesson4_ws/install/rmitbot_description/share/rmitbot_description/environment/path.dsv
[0.633s] -- Up-to-date: /home/vudinhso/RMIT_Bot/lesson4_ws/install/rmitbot_description/share/rmitbot_description/local_setup.bash
[0.633s] -- Up-to-date: /home/vudinhso/RMIT_Bot/lesson4_ws/install/rmitbot_description/share/rmitbot_description/local_setup.sh
[0.633s] -- Up-to-date: /home/vudinhso/RMIT_Bot/lesson4_ws/install/rmitbot_description/share/rmitbot_description/local_setup.zsh
[0.633s] -- Up-to-date: /home/vudinhso/RMIT_Bot/lesson4_ws/install/rmitbot_description/share/rmitbot_description/local_setup.dsv
[0.633s] -- Installing: /home/vudinhso/RMIT_Bot/lesson4_ws/install/rmitbot_description/share/rmitbot_description/package.dsv
[0.633s] -- Up-to-date: /home/vudinhso/RMIT_Bot/lesson4_ws/install/rmitbot_description/share/ament_index/resource_index/packages/rmitbot_description
[0.633s] -- Up-to-date: /home/vudinhso/RMIT_Bot/lesson4_ws/install/rmitbot_description/share/rmitbot_description/cmake/rmitbot_descriptionConfig.cmake
[0.633s] -- Up-to-date: /home/vudinhso/RMIT_Bot/lesson4_ws/install/rmitbot_description/share/rmitbot_description/cmake/rmitbot_descriptionConfig-version.cmake
[0.633s] -- Installing: /home/vudinhso/RMIT_Bot/lesson4_ws/install/rmitbot_description/share/rmitbot_description/package.xml
[0.636s] Invoked command in '/home/vudinhso/RMIT_Bot/lesson4_ws/build/rmitbot_description' returned '0': CMAKE_PREFIX_PATH=${CMAKE_PREFIX_PATH}:/opt/ros/jazzy DEBUGINFOD_URLS=https://debuginfod.ubuntu.com /usr/bin/cmake --install /home/vudinhso/RMIT_Bot/lesson4_ws/build/rmitbot_description
