[0.019s] Invoking command in '/home/vudinhso/RMIT_Bot/lesson3_ws/build/my_first_urdf': CMAKE_PREFIX_PATH=${CMAKE_PREFIX_PATH}:/opt/ros/jazzy DEBUGINFOD_URLS=https://debuginfod.ubuntu.com /usr/bin/cmake --build /home/vudinhso/RMIT_Bot/lesson3_ws/build/my_first_urdf -- -j4 -l4
[0.050s] -- Found ament_cmake: 2.5.3 (/opt/ros/jazzy/share/ament_cmake/cmake)
[0.294s] -- Found urdf: 2.10.0 (/opt/ros/jazzy/share/urdf/cmake)
[0.384s] -- Found TinyXML2 via Config file: /usr/lib/x86_64-linux-gnu/cmake/tinyxml2
[0.402s] -- Found ament_lint_auto: 0.17.2 (/opt/ros/jazzy/share/ament_lint_auto/cmake)
[0.515s] -- Added test 'flake8' to check Python code syntax and style conventions
[0.515s] -- Configured 'flake8' exclude dirs and/or files: 
[0.517s] -- Added test 'lint_cmake' to check CMake code style
[0.518s] -- Added test 'pep257' to check Python code against some of the docstring style conventions in PEP 257
[0.518s] -- Added test 'xmllint' to check XML markup files
[0.520s] -- Configuring done (0.5s)
[0.522s] -- Generating done (0.0s)
[0.525s] -- Build files have been written to: /home/vudinhso/RMIT_Bot/lesson3_ws/build/my_first_urdf
[0.559s] Invoked command in '/home/vudinhso/RMIT_Bot/lesson3_ws/build/my_first_urdf' returned '0': CMAKE_PREFIX_PATH=${CMAKE_PREFIX_PATH}:/opt/ros/jazzy DEBUGINFOD_URLS=https://debuginfod.ubuntu.com /usr/bin/cmake --build /home/vudinhso/RMIT_Bot/lesson3_ws/build/my_first_urdf -- -j4 -l4
[0.570s] Invoking command in '/home/vudinhso/RMIT_Bot/lesson3_ws/build/my_first_urdf': CMAKE_PREFIX_PATH=${CMAKE_PREFIX_PATH}:/opt/ros/jazzy DEBUGINFOD_URLS=https://debuginfod.ubuntu.com /usr/bin/cmake --install /home/vudinhso/RMIT_Bot/lesson3_ws/build/my_first_urdf
[0.580s] -- Install configuration: ""
[0.580s] -- Up-to-date: /home/vudinhso/RMIT_Bot/lesson3_ws/install/my_first_urdf/share/my_first_urdf/meshes
[0.582s] -- Up-to-date: /home/vudinhso/RMIT_Bot/lesson3_ws/install/my_first_urdf/share/my_first_urdf/meshes/wheel_left_link.STL
[0.582s] -- Up-to-date: /home/vudinhso/RMIT_Bot/lesson3_ws/install/my_first_urdf/share/my_first_urdf/meshes/base_link.STL
[0.582s] -- Up-to-date: /home/vudinhso/RMIT_Bot/lesson3_ws/install/my_first_urdf/share/my_first_urdf/meshes/caster_front_link.STL
[0.582s] -- Up-to-date: /home/vudinhso/RMIT_Bot/lesson3_ws/install/my_first_urdf/share/my_first_urdf/meshes/caster_rear_link.STL
[0.582s] -- Up-to-date: /home/vudinhso/RMIT_Bot/lesson3_ws/install/my_first_urdf/share/my_first_urdf/meshes/imu_link.STL
[0.582s] -- Up-to-date: /home/vudinhso/RMIT_Bot/lesson3_ws/install/my_first_urdf/share/my_first_urdf/meshes/wheel_right_link.STL
[0.583s] -- Up-to-date: /home/vudinhso/RMIT_Bot/lesson3_ws/install/my_first_urdf/share/my_first_urdf/urdf
[0.583s] -- Installing: /home/vudinhso/RMIT_Bot/lesson3_ws/install/my_first_urdf/share/my_first_urdf/urdf/my_robot.urdf.xacro
[0.583s] -- Installing: /home/vudinhso/RMIT_Bot/lesson3_ws/install/my_first_urdf/share/my_first_urdf/urdf/my_robot_gazebo.xacro
[0.583s] -- Installing: /home/vudinhso/RMIT_Bot/lesson3_ws/install/my_first_urdf/share/my_first_urdf/urdf/my_robot_ros2_control.xacro
[0.583s] -- Up-to-date: /home/vudinhso/RMIT_Bot/lesson3_ws/install/my_first_urdf/share/my_first_urdf/launch
[0.584s] -- Up-to-date: /home/vudinhso/RMIT_Bot/lesson3_ws/install/my_first_urdf/share/my_first_urdf/launch/gazebo.launch.py
[0.584s] -- Up-to-date: /home/vudinhso/RMIT_Bot/lesson3_ws/install/my_first_urdf/share/my_first_urdf/launch/display.launch.py
[0.584s] -- Up-to-date: /home/vudinhso/RMIT_Bot/lesson3_ws/install/my_first_urdf/share/my_first_urdf/rviz
[0.584s] -- Up-to-date: /home/vudinhso/RMIT_Bot/lesson3_ws/install/my_first_urdf/share/my_first_urdf/rviz/display.rviz
[0.584s] -- Installing: /home/vudinhso/RMIT_Bot/lesson3_ws/install/my_first_urdf/share/ament_index/resource_index/package_run_dependencies/my_first_urdf
[0.584s] -- Installing: /home/vudinhso/RMIT_Bot/lesson3_ws/install/my_first_urdf/share/ament_index/resource_index/parent_prefix_path/my_first_urdf
[0.584s] -- Up-to-date: /home/vudinhso/RMIT_Bot/lesson3_ws/install/my_first_urdf/share/my_first_urdf/environment/ament_prefix_path.sh
[0.584s] -- Up-to-date: /home/vudinhso/RMIT_Bot/lesson3_ws/install/my_first_urdf/share/my_first_urdf/environment/ament_prefix_path.dsv
[0.584s] -- Up-to-date: /home/vudinhso/RMIT_Bot/lesson3_ws/install/my_first_urdf/share/my_first_urdf/environment/path.sh
[0.584s] -- Up-to-date: /home/vudinhso/RMIT_Bot/lesson3_ws/install/my_first_urdf/share/my_first_urdf/environment/path.dsv
[0.584s] -- Up-to-date: /home/vudinhso/RMIT_Bot/lesson3_ws/install/my_first_urdf/share/my_first_urdf/local_setup.bash
[0.584s] -- Up-to-date: /home/vudinhso/RMIT_Bot/lesson3_ws/install/my_first_urdf/share/my_first_urdf/local_setup.sh
[0.584s] -- Up-to-date: /home/vudinhso/RMIT_Bot/lesson3_ws/install/my_first_urdf/share/my_first_urdf/local_setup.zsh
[0.584s] -- Up-to-date: /home/vudinhso/RMIT_Bot/lesson3_ws/install/my_first_urdf/share/my_first_urdf/local_setup.dsv
[0.584s] -- Up-to-date: /home/vudinhso/RMIT_Bot/lesson3_ws/install/my_first_urdf/share/my_first_urdf/package.dsv
[0.584s] -- Up-to-date: /home/vudinhso/RMIT_Bot/lesson3_ws/install/my_first_urdf/share/ament_index/resource_index/packages/my_first_urdf
[0.585s] -- Up-to-date: /home/vudinhso/RMIT_Bot/lesson3_ws/install/my_first_urdf/share/my_first_urdf/cmake/my_first_urdfConfig.cmake
[0.585s] -- Up-to-date: /home/vudinhso/RMIT_Bot/lesson3_ws/install/my_first_urdf/share/my_first_urdf/cmake/my_first_urdfConfig-version.cmake
[0.585s] -- Installing: /home/vudinhso/RMIT_Bot/lesson3_ws/install/my_first_urdf/share/my_first_urdf/package.xml
[0.586s] Invoked command in '/home/vudinhso/RMIT_Bot/lesson3_ws/build/my_first_urdf' returned '0': CMAKE_PREFIX_PATH=${CMAKE_PREFIX_PATH}:/opt/ros/jazzy DEBUGINFOD_URLS=https://debuginfod.ubuntu.com /usr/bin/cmake --install /home/vudinhso/RMIT_Bot/lesson3_ws/build/my_first_urdf
