[0.016s] Invoking command in '/home/vudinhso/RMIT_Bot/lesson3_ws/build/my_robot_controller': CMAKE_PREFIX_PATH=${CMAKE_PREFIX_PATH}:/opt/ros/jazzy DEBUGINFOD_URLS=https://debuginfod.ubuntu.com /usr/bin/cmake --build /home/vudinhso/RMIT_Bot/lesson3_ws/build/my_robot_controller -- -j4 -l4
[0.059s] Invoked command in '/home/vudinhso/RMIT_Bot/lesson3_ws/build/my_robot_controller' returned '0': CMAKE_PREFIX_PATH=${CMAKE_PREFIX_PATH}:/opt/ros/jazzy DEBUGINFOD_URLS=https://debuginfod.ubuntu.com /usr/bin/cmake --build /home/vudinhso/RMIT_Bot/lesson3_ws/build/my_robot_controller -- -j4 -l4
[0.069s] Invoking command in '/home/vudinhso/RMIT_Bot/lesson3_ws/build/my_robot_controller': CMAKE_PREFIX_PATH=${CMAKE_PREFIX_PATH}:/opt/ros/jazzy DEBUGINFOD_URLS=https://debuginfod.ubuntu.com /usr/bin/cmake --install /home/vudinhso/RMIT_Bot/lesson3_ws/build/my_robot_controller
[0.078s] -- Install configuration: ""
[0.078s] -- Up-to-date: /home/vudinhso/RMIT_Bot/lesson3_ws/install/my_robot_controller/share/my_robot_controller/launch
[0.079s] -- Installing: /home/vudinhso/RMIT_Bot/lesson3_ws/install/my_robot_controller/share/my_robot_controller/launch/controller.launch.py
[0.080s] -- Installing: /home/vudinhso/RMIT_Bot/lesson3_ws/install/my_robot_controller/share/my_robot_controller/launch/teleopkeyboard.launch.py
[0.081s] -- Up-to-date: /home/vudinhso/RMIT_Bot/lesson3_ws/install/my_robot_controller/share/my_robot_controller/config
[0.081s] -- Up-to-date: /home/vudinhso/RMIT_Bot/lesson3_ws/install/my_robot_controller/share/my_robot_controller/config/my_robot_controllers.yaml
[0.081s] -- Up-to-date: /home/vudinhso/RMIT_Bot/lesson3_ws/install/my_robot_controller/share/ament_index/resource_index/package_run_dependencies/my_robot_controller
[0.081s] -- Up-to-date: /home/vudinhso/RMIT_Bot/lesson3_ws/install/my_robot_controller/share/ament_index/resource_index/parent_prefix_path/my_robot_controller
[0.081s] -- Up-to-date: /home/vudinhso/RMIT_Bot/lesson3_ws/install/my_robot_controller/share/my_robot_controller/environment/ament_prefix_path.sh
[0.081s] -- Up-to-date: /home/vudinhso/RMIT_Bot/lesson3_ws/install/my_robot_controller/share/my_robot_controller/environment/ament_prefix_path.dsv
[0.081s] -- Up-to-date: /home/vudinhso/RMIT_Bot/lesson3_ws/install/my_robot_controller/share/my_robot_controller/environment/path.sh
[0.081s] -- Up-to-date: /home/vudinhso/RMIT_Bot/lesson3_ws/install/my_robot_controller/share/my_robot_controller/environment/path.dsv
[0.081s] -- Up-to-date: /home/vudinhso/RMIT_Bot/lesson3_ws/install/my_robot_controller/share/my_robot_controller/local_setup.bash
[0.081s] -- Up-to-date: /home/vudinhso/RMIT_Bot/lesson3_ws/install/my_robot_controller/share/my_robot_controller/local_setup.sh
[0.081s] -- Up-to-date: /home/vudinhso/RMIT_Bot/lesson3_ws/install/my_robot_controller/share/my_robot_controller/local_setup.zsh
[0.082s] -- Up-to-date: /home/vudinhso/RMIT_Bot/lesson3_ws/install/my_robot_controller/share/my_robot_controller/local_setup.dsv
[0.082s] -- Installing: /home/vudinhso/RMIT_Bot/lesson3_ws/install/my_robot_controller/share/my_robot_controller/package.dsv
[0.082s] -- Up-to-date: /home/vudinhso/RMIT_Bot/lesson3_ws/install/my_robot_controller/share/ament_index/resource_index/packages/my_robot_controller
[0.082s] -- Up-to-date: /home/vudinhso/RMIT_Bot/lesson3_ws/install/my_robot_controller/share/my_robot_controller/cmake/my_robot_controllerConfig.cmake
[0.082s] -- Up-to-date: /home/vudinhso/RMIT_Bot/lesson3_ws/install/my_robot_controller/share/my_robot_controller/cmake/my_robot_controllerConfig-version.cmake
[0.082s] -- Up-to-date: /home/vudinhso/RMIT_Bot/lesson3_ws/install/my_robot_controller/share/my_robot_controller/package.xml
[0.086s] Invoked command in '/home/vudinhso/RMIT_Bot/lesson3_ws/build/my_robot_controller' returned '0': CMAKE_PREFIX_PATH=${CMAKE_PREFIX_PATH}:/opt/ros/jazzy DEBUGINFOD_URLS=https://debuginfod.ubuntu.com /usr/bin/cmake --install /home/vudinhso/RMIT_Bot/lesson3_ws/build/my_robot_controller
