[0.069s] Invoking command in '/home/vudinhso/RMIT_Bot/lesson4_ws/build/rmitbot_description': CMAKE_PREFIX_PATH=${CMAKE_PREFIX_PATH}:/opt/ros/jazzy DEBUGINFOD_URLS=https://debuginfod.ubuntu.com /usr/bin/cmake --build /home/vudinhso/RMIT_Bot/lesson4_ws/build/rmitbot_description -- -j4 -l4
[0.215s] -- Found ament_cmake: 2.5.3 (/opt/ros/jazzy/share/ament_cmake/cmake)
[1.136s] -- Found urdf: 2.10.0 (/opt/ros/jazzy/share/urdf/cmake)
[1.243s] -- Found TinyXML2 via Config file: /usr/lib/x86_64-linux-gnu/cmake/tinyxml2
[1.740s] -- Configuring done (1.6s)
[1.809s] -- Generating done (0.0s)
[1.818s] -- Build files have been written to: /home/vudinhso/RMIT_Bot/lesson4_ws/build/rmitbot_description
[1.906s] Invoked command in '/home/vudinhso/RMIT_Bot/lesson4_ws/build/rmitbot_description' returned '0': CMAKE_PREFIX_PATH=${CMAKE_PREFIX_PATH}:/opt/ros/jazzy DEBUGINFOD_URLS=https://debuginfod.ubuntu.com /usr/bin/cmake --build /home/vudinhso/RMIT_Bot/lesson4_ws/build/rmitbot_description -- -j4 -l4
[1.908s] Invoking command in '/home/vudinhso/RMIT_Bot/lesson4_ws/build/rmitbot_description': CMAKE_PREFIX_PATH=${CMAKE_PREFIX_PATH}:/opt/ros/jazzy DEBUGINFOD_URLS=https://debuginfod.ubuntu.com /usr/bin/cmake --install /home/vudinhso/RMIT_Bot/lesson4_ws/build/rmitbot_description
[1.930s] -- Install configuration: ""
[1.930s] -- Up-to-date: /home/vudinhso/RMIT_Bot/lesson4_ws/install/rmitbot_description/share/rmitbot_description/meshes
[1.930s] -- Up-to-date: /home/vudinhso/RMIT_Bot/lesson4_ws/install/rmitbot_description/share/rmitbot_description/meshes/wheel_left_link.STL
[1.931s] -- Up-to-date: /home/vudinhso/RMIT_Bot/lesson4_ws/install/rmitbot_description/share/rmitbot_description/meshes/base_link.STL
[1.931s] -- Up-to-date: /home/vudinhso/RMIT_Bot/lesson4_ws/install/rmitbot_description/share/rmitbot_description/meshes/caster_front_link.STL
[1.931s] -- Up-to-date: /home/vudinhso/RMIT_Bot/lesson4_ws/install/rmitbot_description/share/rmitbot_description/meshes/caster_rear_link.STL
[1.931s] -- Up-to-date: /home/vudinhso/RMIT_Bot/lesson4_ws/install/rmitbot_description/share/rmitbot_description/meshes/imu_link.STL
[1.931s] -- Up-to-date: /home/vudinhso/RMIT_Bot/lesson4_ws/install/rmitbot_description/share/rmitbot_description/meshes/wheel_right_link.STL
[1.932s] -- Up-to-date: /home/vudinhso/RMIT_Bot/lesson4_ws/install/rmitbot_description/share/rmitbot_description/urdf
[1.932s] -- Up-to-date: /home/vudinhso/RMIT_Bot/lesson4_ws/install/rmitbot_description/share/rmitbot_description/urdf/rmitbot_gazebo.xacro
[1.932s] -- Up-to-date: /home/vudinhso/RMIT_Bot/lesson4_ws/install/rmitbot_description/share/rmitbot_description/urdf/rmitbot_ros2_control.xacro
[1.932s] -- Up-to-date: /home/vudinhso/RMIT_Bot/lesson4_ws/install/rmitbot_description/share/rmitbot_description/urdf/rmitbot.urdf.xacro
[1.932s] -- Up-to-date: /home/vudinhso/RMIT_Bot/lesson4_ws/install/rmitbot_description/share/rmitbot_description/launch
[1.933s] -- Installing: /home/vudinhso/RMIT_Bot/lesson4_ws/install/rmitbot_description/share/rmitbot_description/launch/gazebo.launch.py
[1.933s] -- Up-to-date: /home/vudinhso/RMIT_Bot/lesson4_ws/install/rmitbot_description/share/rmitbot_description/launch/display.launch.py
[1.933s] -- Up-to-date: /home/vudinhso/RMIT_Bot/lesson4_ws/install/rmitbot_description/share/rmitbot_description/rviz
[1.933s] -- Up-to-date: /home/vudinhso/RMIT_Bot/lesson4_ws/install/rmitbot_description/share/rmitbot_description/rviz/display.rviz
[1.935s] -- Installing: /home/vudinhso/RMIT_Bot/lesson4_ws/install/rmitbot_description/share/ament_index/resource_index/package_run_dependencies/rmitbot_description
[1.935s] -- Installing: /home/vudinhso/RMIT_Bot/lesson4_ws/install/rmitbot_description/share/ament_index/resource_index/parent_prefix_path/rmitbot_description
[1.939s] -- Up-to-date: /home/vudinhso/RMIT_Bot/lesson4_ws/install/rmitbot_description/share/rmitbot_description/environment/ament_prefix_path.sh
[1.939s] -- Up-to-date: /home/vudinhso/RMIT_Bot/lesson4_ws/install/rmitbot_description/share/rmitbot_description/environment/ament_prefix_path.dsv
[1.939s] -- Up-to-date: /home/vudinhso/RMIT_Bot/lesson4_ws/install/rmitbot_description/share/rmitbot_description/environment/path.sh
[1.939s] -- Up-to-date: /home/vudinhso/RMIT_Bot/lesson4_ws/install/rmitbot_description/share/rmitbot_description/environment/path.dsv
[1.939s] -- Up-to-date: /home/vudinhso/RMIT_Bot/lesson4_ws/install/rmitbot_description/share/rmitbot_description/local_setup.bash
[1.939s] -- Up-to-date: /home/vudinhso/RMIT_Bot/lesson4_ws/install/rmitbot_description/share/rmitbot_description/local_setup.sh
[1.939s] -- Up-to-date: /home/vudinhso/RMIT_Bot/lesson4_ws/install/rmitbot_description/share/rmitbot_description/local_setup.zsh
[1.939s] -- Up-to-date: /home/vudinhso/RMIT_Bot/lesson4_ws/install/rmitbot_description/share/rmitbot_description/local_setup.dsv
[1.940s] -- Up-to-date: /home/vudinhso/RMIT_Bot/lesson4_ws/install/rmitbot_description/share/rmitbot_description/package.dsv
[1.940s] -- Up-to-date: /home/vudinhso/RMIT_Bot/lesson4_ws/install/rmitbot_description/share/ament_index/resource_index/packages/rmitbot_description
[1.940s] -- Up-to-date: /home/vudinhso/RMIT_Bot/lesson4_ws/install/rmitbot_description/share/rmitbot_description/cmake/rmitbot_descriptionConfig.cmake
[1.940s] -- Up-to-date: /home/vudinhso/RMIT_Bot/lesson4_ws/install/rmitbot_description/share/rmitbot_description/cmake/rmitbot_descriptionConfig-version.cmake
[1.940s] -- Installing: /home/vudinhso/RMIT_Bot/lesson4_ws/install/rmitbot_description/share/rmitbot_description/package.xml
[1.944s] Invoked command in '/home/vudinhso/RMIT_Bot/lesson4_ws/build/rmitbot_description' returned '0': CMAKE_PREFIX_PATH=${CMAKE_PREFIX_PATH}:/opt/ros/jazzy DEBUGINFOD_URLS=https://debuginfod.ubuntu.com /usr/bin/cmake --install /home/vudinhso/RMIT_Bot/lesson4_ws/build/rmitbot_description
