[0.018s] Invoking command in '/home/vudinhso/RMIT_Bot/lesson3_ws/build/rmitbot_controller': CMAKE_PREFIX_PATH=${CMAKE_PREFIX_PATH}:/opt/ros/jazzy DEBUGINFOD_URLS=https://debuginfod.ubuntu.com /usr/bin/cmake /home/vudinhso/RMIT_Bot/lesson3_ws/src/rmitbot_controller -DCMAKE_INSTALL_PREFIX=/home/vudinhso/RMIT_Bot/lesson3_ws/install/rmitbot_controller
[0.090s] -- The C compiler identification is GNU 13.3.0
[0.146s] -- The CXX compiler identification is GNU 13.3.0
[0.164s] -- Detecting C compiler ABI info
[0.260s] -- Detecting C compiler ABI info - done
[0.273s] -- Check for working C compiler: /usr/bin/cc - skipped
[0.273s] -- Detecting C compile features
[0.273s] -- Detecting C compile features - done
[0.284s] -- Detecting CXX compiler ABI info
[0.394s] -- Detecting CXX compiler ABI info - done
[0.406s] -- Check for working CXX compiler: /usr/bin/c++ - skipped
[0.406s] -- Detecting CXX compile features
[0.406s] -- Detecting CXX compile features - done
[0.408s] -- Found ament_cmake: 2.5.3 (/opt/ros/jazzy/share/ament_cmake/cmake)
[0.625s] -- Found Python3: /usr/bin/python3 (found version "3.12.3") found components: Interpreter 
[0.885s] -- Configuring done (0.9s)
[0.887s] -- Generating done (0.0s)
[0.891s] -- Build files have been written to: /home/vudinhso/RMIT_Bot/lesson3_ws/build/rmitbot_controller
[0.900s] Invoked command in '/home/vudinhso/RMIT_Bot/lesson3_ws/build/rmitbot_controller' returned '0': CMAKE_PREFIX_PATH=${CMAKE_PREFIX_PATH}:/opt/ros/jazzy DEBUGINFOD_URLS=https://debuginfod.ubuntu.com /usr/bin/cmake /home/vudinhso/RMIT_Bot/lesson3_ws/src/rmitbot_controller -DCMAKE_INSTALL_PREFIX=/home/vudinhso/RMIT_Bot/lesson3_ws/install/rmitbot_controller
[0.901s] Invoking command in '/home/vudinhso/RMIT_Bot/lesson3_ws/build/rmitbot_controller': CMAKE_PREFIX_PATH=${CMAKE_PREFIX_PATH}:/opt/ros/jazzy DEBUGINFOD_URLS=https://debuginfod.ubuntu.com /usr/bin/cmake --build /home/vudinhso/RMIT_Bot/lesson3_ws/build/rmitbot_controller -- -j4 -l4
[0.953s] Invoked command in '/home/vudinhso/RMIT_Bot/lesson3_ws/build/rmitbot_controller' returned '0': CMAKE_PREFIX_PATH=${CMAKE_PREFIX_PATH}:/opt/ros/jazzy DEBUGINFOD_URLS=https://debuginfod.ubuntu.com /usr/bin/cmake --build /home/vudinhso/RMIT_Bot/lesson3_ws/build/rmitbot_controller -- -j4 -l4
[0.967s] Invoking command in '/home/vudinhso/RMIT_Bot/lesson3_ws/build/rmitbot_controller': CMAKE_PREFIX_PATH=${CMAKE_PREFIX_PATH}:/opt/ros/jazzy DEBUGINFOD_URLS=https://debuginfod.ubuntu.com /usr/bin/cmake --install /home/vudinhso/RMIT_Bot/lesson3_ws/build/rmitbot_controller
[0.977s] -- Install configuration: ""
[0.978s] -- Installing: /home/vudinhso/RMIT_Bot/lesson3_ws/install/rmitbot_controller/share/rmitbot_controller/launch
[0.978s] -- Installing: /home/vudinhso/RMIT_Bot/lesson3_ws/install/rmitbot_controller/share/rmitbot_controller/launch/controller.launch.py
[0.978s] -- Installing: /home/vudinhso/RMIT_Bot/lesson3_ws/install/rmitbot_controller/share/rmitbot_controller/launch/teleopkeyboard.launch.py
[0.978s] -- Installing: /home/vudinhso/RMIT_Bot/lesson3_ws/install/rmitbot_controller/share/rmitbot_controller/config
[0.978s] -- Installing: /home/vudinhso/RMIT_Bot/lesson3_ws/install/rmitbot_controller/share/rmitbot_controller/config/rmitbot_controller.yaml
[0.978s] -- Installing: /home/vudinhso/RMIT_Bot/lesson3_ws/install/rmitbot_controller/share/ament_index/resource_index/package_run_dependencies/rmitbot_controller
[0.978s] -- Installing: /home/vudinhso/RMIT_Bot/lesson3_ws/install/rmitbot_controller/share/ament_index/resource_index/parent_prefix_path/rmitbot_controller
[0.978s] -- Installing: /home/vudinhso/RMIT_Bot/lesson3_ws/install/rmitbot_controller/share/rmitbot_controller/environment/ament_prefix_path.sh
[0.978s] -- Installing: /home/vudinhso/RMIT_Bot/lesson3_ws/install/rmitbot_controller/share/rmitbot_controller/environment/ament_prefix_path.dsv
[0.978s] -- Installing: /home/vudinhso/RMIT_Bot/lesson3_ws/install/rmitbot_controller/share/rmitbot_controller/environment/path.sh
[0.978s] -- Installing: /home/vudinhso/RMIT_Bot/lesson3_ws/install/rmitbot_controller/share/rmitbot_controller/environment/path.dsv
[0.979s] -- Installing: /home/vudinhso/RMIT_Bot/lesson3_ws/install/rmitbot_controller/share/rmitbot_controller/local_setup.bash
[0.979s] -- Installing: /home/vudinhso/RMIT_Bot/lesson3_ws/install/rmitbot_controller/share/rmitbot_controller/local_setup.sh
[0.979s] -- Installing: /home/vudinhso/RMIT_Bot/lesson3_ws/install/rmitbot_controller/share/rmitbot_controller/local_setup.zsh
[0.979s] -- Installing: /home/vudinhso/RMIT_Bot/lesson3_ws/install/rmitbot_controller/share/rmitbot_controller/local_setup.dsv
[0.979s] -- Installing: /home/vudinhso/RMIT_Bot/lesson3_ws/install/rmitbot_controller/share/rmitbot_controller/package.dsv
[0.979s] -- Installing: /home/vudinhso/RMIT_Bot/lesson3_ws/install/rmitbot_controller/share/ament_index/resource_index/packages/rmitbot_controller
[0.979s] -- Installing: /home/vudinhso/RMIT_Bot/lesson3_ws/install/rmitbot_controller/share/rmitbot_controller/cmake/rmitbot_controllerConfig.cmake
[0.979s] -- Installing: /home/vudinhso/RMIT_Bot/lesson3_ws/install/rmitbot_controller/share/rmitbot_controller/cmake/rmitbot_controllerConfig-version.cmake
[0.979s] -- Installing: /home/vudinhso/RMIT_Bot/lesson3_ws/install/rmitbot_controller/share/rmitbot_controller/package.xml
[0.981s] Invoked command in '/home/vudinhso/RMIT_Bot/lesson3_ws/build/rmitbot_controller' returned '0': CMAKE_PREFIX_PATH=${CMAKE_PREFIX_PATH}:/opt/ros/jazzy DEBUGINFOD_URLS=https://debuginfod.ubuntu.com /usr/bin/cmake --install /home/vudinhso/RMIT_Bot/lesson3_ws/build/rmitbot_controller
