[0.043s] Invoking command in '/home/vudinhso/RMIT_Bot/lesson4_ws/build/rmitbot_controller': CMAKE_PREFIX_PATH=${CMAKE_PREFIX_PATH}:/opt/ros/jazzy DEBUGINFOD_URLS=https://debuginfod.ubuntu.com /usr/bin/cmake --build /home/vudinhso/RMIT_Bot/lesson4_ws/build/rmitbot_controller -- -j4 -l4
[0.263s] Invoked command in '/home/vudinhso/RMIT_Bot/lesson4_ws/build/rmitbot_controller' returned '0': CMAKE_PREFIX_PATH=${CMAKE_PREFIX_PATH}:/opt/ros/jazzy DEBUGINFOD_URLS=https://debuginfod.ubuntu.com /usr/bin/cmake --build /home/vudinhso/RMIT_Bot/lesson4_ws/build/rmitbot_controller -- -j4 -l4
[0.264s] Invoking command in '/home/vudinhso/RMIT_Bot/lesson4_ws/build/rmitbot_controller': CMAKE_PREFIX_PATH=${CMAKE_PREFIX_PATH}:/opt/ros/jazzy DEBUGINFOD_URLS=https://debuginfod.ubuntu.com /usr/bin/cmake --install /home/vudinhso/RMIT_Bot/lesson4_ws/build/rmitbot_controller
[0.303s] -- Install configuration: ""
[0.306s] -- Up-to-date: /home/vudinhso/RMIT_Bot/lesson4_ws/install/rmitbot_controller/share/rmitbot_controller/launch
[0.314s] -- Up-to-date: /home/vudinhso/RMIT_Bot/lesson4_ws/install/rmitbot_controller/share/rmitbot_controller/launch/controller.launch.py
[0.317s] -- Up-to-date: /home/vudinhso/RMIT_Bot/lesson4_ws/install/rmitbot_controller/share/rmitbot_controller/launch/teleopkeyboard.launch.py
[0.317s] -- Up-to-date: /home/vudinhso/RMIT_Bot/lesson4_ws/install/rmitbot_controller/share/rmitbot_controller/config
[0.317s] -- Up-to-date: /home/vudinhso/RMIT_Bot/lesson4_ws/install/rmitbot_controller/share/rmitbot_controller/config/rmitbot_controller.yaml
[0.317s] -- Up-to-date: /home/vudinhso/RMIT_Bot/lesson4_ws/install/rmitbot_controller/share/ament_index/resource_index/package_run_dependencies/rmitbot_controller
[0.318s] -- Up-to-date: /home/vudinhso/RMIT_Bot/lesson4_ws/install/rmitbot_controller/share/ament_index/resource_index/parent_prefix_path/rmitbot_controller
[0.323s] -- Up-to-date: /home/vudinhso/RMIT_Bot/lesson4_ws/install/rmitbot_controller/share/rmitbot_controller/environment/ament_prefix_path.sh
[0.324s] -- Up-to-date: /home/vudinhso/RMIT_Bot/lesson4_ws/install/rmitbot_controller/share/rmitbot_controller/environment/ament_prefix_path.dsv
[0.324s] -- Up-to-date: /home/vudinhso/RMIT_Bot/lesson4_ws/install/rmitbot_controller/share/rmitbot_controller/environment/path.sh
[0.326s] -- Up-to-date: /home/vudinhso/RMIT_Bot/lesson4_ws/install/rmitbot_controller/share/rmitbot_controller/environment/path.dsv
[0.327s] -- Up-to-date: /home/vudinhso/RMIT_Bot/lesson4_ws/install/rmitbot_controller/share/rmitbot_controller/local_setup.bash
[0.327s] -- Up-to-date: /home/vudinhso/RMIT_Bot/lesson4_ws/install/rmitbot_controller/share/rmitbot_controller/local_setup.sh
[0.327s] -- Up-to-date: /home/vudinhso/RMIT_Bot/lesson4_ws/install/rmitbot_controller/share/rmitbot_controller/local_setup.zsh
[0.327s] -- Up-to-date: /home/vudinhso/RMIT_Bot/lesson4_ws/install/rmitbot_controller/share/rmitbot_controller/local_setup.dsv
[0.327s] -- Installing: /home/vudinhso/RMIT_Bot/lesson4_ws/install/rmitbot_controller/share/rmitbot_controller/package.dsv
[0.327s] -- Up-to-date: /home/vudinhso/RMIT_Bot/lesson4_ws/install/rmitbot_controller/share/ament_index/resource_index/packages/rmitbot_controller
[0.337s] -- Up-to-date: /home/vudinhso/RMIT_Bot/lesson4_ws/install/rmitbot_controller/share/rmitbot_controller/cmake/rmitbot_controllerConfig.cmake
[0.337s] -- Up-to-date: /home/vudinhso/RMIT_Bot/lesson4_ws/install/rmitbot_controller/share/rmitbot_controller/cmake/rmitbot_controllerConfig-version.cmake
[0.338s] -- Up-to-date: /home/vudinhso/RMIT_Bot/lesson4_ws/install/rmitbot_controller/share/rmitbot_controller/package.xml
[0.468s] Invoked command in '/home/vudinhso/RMIT_Bot/lesson4_ws/build/rmitbot_controller' returned '0': CMAKE_PREFIX_PATH=${CMAKE_PREFIX_PATH}:/opt/ros/jazzy DEBUGINFOD_URLS=https://debuginfod.ubuntu.com /usr/bin/cmake --install /home/vudinhso/RMIT_Bot/lesson4_ws/build/rmitbot_controller
