-- Found ament_cmake: 2.5.3 (/opt/ros/jazzy/share/ament_cmake/cmake)
-- Found rclcpp: 28.1.8 (/opt/ros/jazzy/share/rclcpp/cmake)
-- Found rosidl_generator_c: 4.6.5 (/opt/ros/jazzy/share/rosidl_generator_c/cmake)
-- Found rosidl_generator_cpp: 4.6.5 (/opt/ros/jazzy/share/rosidl_generator_cpp/cmake)
-- Using all available rosidl_typesupport_c: rosidl_typesupport_fastrtps_c;rosidl_typesupport_introspection_c
-- Using all available rosidl_typesupport_cpp: rosidl_typesupport_fastrtps_cpp;rosidl_typesupport_introspection_cpp
-- Found rmw_implementation_cmake: 7.3.2 (/opt/ros/jazzy/share/rmw_implementation_cmake/cmake)
-- Found rmw_fastrtps_cpp: 8.4.2 (/opt/ros/jazzy/share/rmw_fastrtps_cpp/cmake)
-- Using RMW implementation 'rmw_fastrtps_cpp' as default
-- Found rclpy: 7.1.4 (/opt/ros/jazzy/share/rclpy/cmake)
-- Found nav_msgs: 5.3.6 (/opt/ros/jazzy/share/nav_msgs/cmake)
-- Found sensor_msgs: 5.3.6 (/opt/ros/jazzy/share/sensor_msgs/cmake)
[31mCMake Error at /opt/ros/jazzy/share/ament_cmake_python/cmake/ament_python_install_package.cmake:66 (message):
  ament_python_install_package() the Python package folder
  '/home/vudinhso/RMIT_Bot/lesson4_ws/src/rmitbot_localization/rmitbot_localization'
  doesn't contain an '__init__.py' file
Call Stack (most recent call first):
  /opt/ros/jazzy/share/ament_cmake_python/cmake/ament_python_install_package.cmake:39 (_ament_cmake_python_install_package)
  CMakeLists.txt:21 (ament_python_install_package)

[0m
-- Configuring incomplete, errors occurred!
gmake: *** [Makefile:226: cmake_check_build_system] Error 1
