[0.013s] Invoking command in '/home/vudinhso/RMIT_Bot/lesson3_ws/build/my_robot_controller': CMAKE_PREFIX_PATH=${CMAKE_PREFIX_PATH}:/opt/ros/jazzy DEBUGINFOD_URLS=https://debuginfod.ubuntu.com /usr/bin/cmake /home/vudinhso/RMIT_Bot/lesson3_ws/src/my_robot_controller -DCMAKE_INSTALL_PREFIX=/home/vudinhso/RMIT_Bot/lesson3_ws/install/my_robot_controller
[0.082s] -- The C compiler identification is GNU 13.3.0
[0.157s] -- The CXX compiler identification is GNU 13.3.0
[0.174s] -- Detecting C compiler ABI info
[0.274s] -- Detecting C compiler ABI info - done
[0.282s] -- Check for working C compiler: /usr/bin/cc - skipped
[0.283s] -- Detecting C compile features
[0.283s] -- Detecting C compile features - done
[0.292s] -- Detecting CXX compiler ABI info
[0.429s] -- Detecting CXX compiler ABI info - done
[0.439s] -- Check for working CXX compiler: /usr/bin/c++ - skipped
[0.439s] -- Detecting CXX compile features
[0.441s] -- Detecting CXX compile features - done
[0.443s] -- Found ament_cmake: 2.5.3 (/opt/ros/jazzy/share/ament_cmake/cmake)
[0.642s] -- Found Python3: /usr/bin/python3 (found version "3.12.3") found components: Interpreter 
[0.762s] -- Found ament_lint_auto: 0.17.2 (/opt/ros/jazzy/share/ament_lint_auto/cmake)
[0.884s] -- Added test 'lint_cmake' to check CMake code style
[0.887s] -- Added test 'xmllint' to check XML markup files
[0.887s] -- Configuring done (0.9s)
[0.888s] -- Generating done (0.0s)
[0.890s] -- Build files have been written to: /home/vudinhso/RMIT_Bot/lesson3_ws/build/my_robot_controller
[0.895s] Invoked command in '/home/vudinhso/RMIT_Bot/lesson3_ws/build/my_robot_controller' returned '0': CMAKE_PREFIX_PATH=${CMAKE_PREFIX_PATH}:/opt/ros/jazzy DEBUGINFOD_URLS=https://debuginfod.ubuntu.com /usr/bin/cmake /home/vudinhso/RMIT_Bot/lesson3_ws/src/my_robot_controller -DCMAKE_INSTALL_PREFIX=/home/vudinhso/RMIT_Bot/lesson3_ws/install/my_robot_controller
[0.897s] Invoking command in '/home/vudinhso/RMIT_Bot/lesson3_ws/build/my_robot_controller': CMAKE_PREFIX_PATH=${CMAKE_PREFIX_PATH}:/opt/ros/jazzy DEBUGINFOD_URLS=https://debuginfod.ubuntu.com /usr/bin/cmake --build /home/vudinhso/RMIT_Bot/lesson3_ws/build/my_robot_controller -- -j4 -l4
[0.945s] Invoked command in '/home/vudinhso/RMIT_Bot/lesson3_ws/build/my_robot_controller' returned '0': CMAKE_PREFIX_PATH=${CMAKE_PREFIX_PATH}:/opt/ros/jazzy DEBUGINFOD_URLS=https://debuginfod.ubuntu.com /usr/bin/cmake --build /home/vudinhso/RMIT_Bot/lesson3_ws/build/my_robot_controller -- -j4 -l4
[0.946s] Invoking command in '/home/vudinhso/RMIT_Bot/lesson3_ws/build/my_robot_controller': CMAKE_PREFIX_PATH=${CMAKE_PREFIX_PATH}:/opt/ros/jazzy DEBUGINFOD_URLS=https://debuginfod.ubuntu.com /usr/bin/cmake --install /home/vudinhso/RMIT_Bot/lesson3_ws/build/my_robot_controller
[0.956s] -- Install configuration: ""
[0.957s] -- Installing: /home/vudinhso/RMIT_Bot/lesson3_ws/install/my_robot_controller/share/ament_index/resource_index/package_run_dependencies/my_robot_controller
[0.957s] -- Installing: /home/vudinhso/RMIT_Bot/lesson3_ws/install/my_robot_controller/share/ament_index/resource_index/parent_prefix_path/my_robot_controller
[0.957s] -- Installing: /home/vudinhso/RMIT_Bot/lesson3_ws/install/my_robot_controller/share/my_robot_controller/environment/ament_prefix_path.sh
[0.957s] -- Installing: /home/vudinhso/RMIT_Bot/lesson3_ws/install/my_robot_controller/share/my_robot_controller/environment/ament_prefix_path.dsv
[0.957s] -- Installing: /home/vudinhso/RMIT_Bot/lesson3_ws/install/my_robot_controller/share/my_robot_controller/environment/path.sh
[0.957s] -- Installing: /home/vudinhso/RMIT_Bot/lesson3_ws/install/my_robot_controller/share/my_robot_controller/environment/path.dsv
[0.957s] -- Installing: /home/vudinhso/RMIT_Bot/lesson3_ws/install/my_robot_controller/share/my_robot_controller/local_setup.bash
[0.957s] -- Installing: /home/vudinhso/RMIT_Bot/lesson3_ws/install/my_robot_controller/share/my_robot_controller/local_setup.sh
[0.957s] -- Installing: /home/vudinhso/RMIT_Bot/lesson3_ws/install/my_robot_controller/share/my_robot_controller/local_setup.zsh
[0.957s] -- Installing: /home/vudinhso/RMIT_Bot/lesson3_ws/install/my_robot_controller/share/my_robot_controller/local_setup.dsv
[0.957s] -- Installing: /home/vudinhso/RMIT_Bot/lesson3_ws/install/my_robot_controller/share/my_robot_controller/package.dsv
[0.957s] -- Installing: /home/vudinhso/RMIT_Bot/lesson3_ws/install/my_robot_controller/share/ament_index/resource_index/packages/my_robot_controller
[0.957s] -- Installing: /home/vudinhso/RMIT_Bot/lesson3_ws/install/my_robot_controller/share/my_robot_controller/cmake/my_robot_controllerConfig.cmake
[0.957s] -- Installing: /home/vudinhso/RMIT_Bot/lesson3_ws/install/my_robot_controller/share/my_robot_controller/cmake/my_robot_controllerConfig-version.cmake
[0.958s] -- Installing: /home/vudinhso/RMIT_Bot/lesson3_ws/install/my_robot_controller/share/my_robot_controller/package.xml
[0.959s] Invoked command in '/home/vudinhso/RMIT_Bot/lesson3_ws/build/my_robot_controller' returned '0': CMAKE_PREFIX_PATH=${CMAKE_PREFIX_PATH}:/opt/ros/jazzy DEBUGINFOD_URLS=https://debuginfod.ubuntu.com /usr/bin/cmake --install /home/vudinhso/RMIT_Bot/lesson3_ws/build/my_robot_controller
