[0.008s] Invoking command in '/home/vudinhso/RMIT_Bot/lesson3_ws/build/my_first_urdf': CMAKE_PREFIX_PATH=${CMAKE_PREFIX_PATH}:/opt/ros/jazzy DEBUGINFOD_URLS=https://debuginfod.ubuntu.com /usr/bin/cmake /home/vudinhso/RMIT_Bot/lesson3_ws/src/my_first_urdf -DCMAKE_INSTALL_PREFIX=/home/vudinhso/RMIT_Bot/lesson3_ws/install/my_first_urdf
[0.169s] -- The C compiler identification is GNU 13.3.0
[0.296s] -- The CXX compiler identification is GNU 13.3.0
[0.340s] -- Detecting C compiler ABI info
[0.440s] -- Detecting C compiler ABI info - done
[0.449s] -- Check for working C compiler: /usr/bin/cc - skipped
[0.449s] -- Detecting C compile features
[0.451s] -- Detecting C compile features - done
[0.462s] -- Detecting CXX compiler ABI info
[0.570s] -- Detecting CXX compiler ABI info - done
[0.576s] -- Check for working CXX compiler: /usr/bin/c++ - skipped
[0.577s] -- Detecting CXX compile features
[0.577s] -- Detecting CXX compile features - done
[0.589s] -- Found ament_cmake: 2.5.3 (/opt/ros/jazzy/share/ament_cmake/cmake)
[0.754s] -- Found Python3: /usr/bin/python3 (found version "3.12.3") found components: Interpreter 
[0.911s] -- Found ament_lint_auto: 0.17.2 (/opt/ros/jazzy/share/ament_lint_auto/cmake)
[1.038s] -- Added test 'flake8' to check Python code syntax and style conventions
[1.038s] -- Configured 'flake8' exclude dirs and/or files: 
[1.040s] -- Added test 'lint_cmake' to check CMake code style
[1.041s] -- Added test 'pep257' to check Python code against some of the docstring style conventions in PEP 257
[1.043s] -- Added test 'xmllint' to check XML markup files
[1.045s] -- Configuring done (1.0s)
[1.048s] -- Generating done (0.0s)
[1.049s] -- Build files have been written to: /home/vudinhso/RMIT_Bot/lesson3_ws/build/my_first_urdf
[1.056s] Invoked command in '/home/vudinhso/RMIT_Bot/lesson3_ws/build/my_first_urdf' returned '0': CMAKE_PREFIX_PATH=${CMAKE_PREFIX_PATH}:/opt/ros/jazzy DEBUGINFOD_URLS=https://debuginfod.ubuntu.com /usr/bin/cmake /home/vudinhso/RMIT_Bot/lesson3_ws/src/my_first_urdf -DCMAKE_INSTALL_PREFIX=/home/vudinhso/RMIT_Bot/lesson3_ws/install/my_first_urdf
[1.056s] Invoking command in '/home/vudinhso/RMIT_Bot/lesson3_ws/build/my_first_urdf': CMAKE_PREFIX_PATH=${CMAKE_PREFIX_PATH}:/opt/ros/jazzy DEBUGINFOD_URLS=https://debuginfod.ubuntu.com /usr/bin/cmake --build /home/vudinhso/RMIT_Bot/lesson3_ws/build/my_first_urdf -- -j4 -l4
[1.102s] Invoked command in '/home/vudinhso/RMIT_Bot/lesson3_ws/build/my_first_urdf' returned '0': CMAKE_PREFIX_PATH=${CMAKE_PREFIX_PATH}:/opt/ros/jazzy DEBUGINFOD_URLS=https://debuginfod.ubuntu.com /usr/bin/cmake --build /home/vudinhso/RMIT_Bot/lesson3_ws/build/my_first_urdf -- -j4 -l4
[1.113s] Invoking command in '/home/vudinhso/RMIT_Bot/lesson3_ws/build/my_first_urdf': CMAKE_PREFIX_PATH=${CMAKE_PREFIX_PATH}:/opt/ros/jazzy DEBUGINFOD_URLS=https://debuginfod.ubuntu.com /usr/bin/cmake --install /home/vudinhso/RMIT_Bot/lesson3_ws/build/my_first_urdf
[1.124s] -- Install configuration: ""
[1.125s] -- Installing: /home/vudinhso/RMIT_Bot/lesson3_ws/install/my_first_urdf/share/my_first_urdf/meshes
[1.125s] -- Installing: /home/vudinhso/RMIT_Bot/lesson3_ws/install/my_first_urdf/share/my_first_urdf/meshes/wheel_left_link.STL
[1.127s] -- Installing: /home/vudinhso/RMIT_Bot/lesson3_ws/install/my_first_urdf/share/my_first_urdf/meshes/base_link.STL
[1.134s] -- Installing: /home/vudinhso/RMIT_Bot/lesson3_ws/install/my_first_urdf/share/my_first_urdf/meshes/caster_front_link.STL
[1.134s] -- Installing: /home/vudinhso/RMIT_Bot/lesson3_ws/install/my_first_urdf/share/my_first_urdf/meshes/caster_rear_link.STL
[1.135s] -- Installing: /home/vudinhso/RMIT_Bot/lesson3_ws/install/my_first_urdf/share/my_first_urdf/meshes/imu_link.STL
[1.135s] -- Installing: /home/vudinhso/RMIT_Bot/lesson3_ws/install/my_first_urdf/share/my_first_urdf/meshes/wheel_right_link.STL
[1.136s] -- Installing: /home/vudinhso/RMIT_Bot/lesson3_ws/install/my_first_urdf/share/my_first_urdf/urdf
[1.136s] -- Installing: /home/vudinhso/RMIT_Bot/lesson3_ws/install/my_first_urdf/share/my_first_urdf/urdf/my_robot.urdf.xacro
[1.136s] -- Installing: /home/vudinhso/RMIT_Bot/lesson3_ws/install/my_first_urdf/share/my_first_urdf/urdf/my_robot_gazebo.xacro
[1.136s] -- Installing: /home/vudinhso/RMIT_Bot/lesson3_ws/install/my_first_urdf/share/my_first_urdf/launch
[1.136s] -- Installing: /home/vudinhso/RMIT_Bot/lesson3_ws/install/my_first_urdf/share/my_first_urdf/launch/gazebo.launch.py
[1.136s] -- Installing: /home/vudinhso/RMIT_Bot/lesson3_ws/install/my_first_urdf/share/my_first_urdf/launch/display.launch.py
[1.136s] -- Installing: /home/vudinhso/RMIT_Bot/lesson3_ws/install/my_first_urdf/share/my_first_urdf/rviz
[1.136s] -- Installing: /home/vudinhso/RMIT_Bot/lesson3_ws/install/my_first_urdf/share/my_first_urdf/rviz/display.rviz
[1.136s] -- Installing: /home/vudinhso/RMIT_Bot/lesson3_ws/install/my_first_urdf/share/ament_index/resource_index/package_run_dependencies/my_first_urdf
[1.137s] -- Installing: /home/vudinhso/RMIT_Bot/lesson3_ws/install/my_first_urdf/share/ament_index/resource_index/parent_prefix_path/my_first_urdf
[1.137s] -- Installing: /home/vudinhso/RMIT_Bot/lesson3_ws/install/my_first_urdf/share/my_first_urdf/environment/ament_prefix_path.sh
[1.137s] -- Installing: /home/vudinhso/RMIT_Bot/lesson3_ws/install/my_first_urdf/share/my_first_urdf/environment/ament_prefix_path.dsv
[1.137s] -- Installing: /home/vudinhso/RMIT_Bot/lesson3_ws/install/my_first_urdf/share/my_first_urdf/environment/path.sh
[1.137s] -- Installing: /home/vudinhso/RMIT_Bot/lesson3_ws/install/my_first_urdf/share/my_first_urdf/environment/path.dsv
[1.137s] -- Installing: /home/vudinhso/RMIT_Bot/lesson3_ws/install/my_first_urdf/share/my_first_urdf/local_setup.bash
[1.138s] -- Installing: /home/vudinhso/RMIT_Bot/lesson3_ws/install/my_first_urdf/share/my_first_urdf/local_setup.sh
[1.138s] -- Installing: /home/vudinhso/RMIT_Bot/lesson3_ws/install/my_first_urdf/share/my_first_urdf/local_setup.zsh
[1.138s] -- Installing: /home/vudinhso/RMIT_Bot/lesson3_ws/install/my_first_urdf/share/my_first_urdf/local_setup.dsv
[1.138s] -- Installing: /home/vudinhso/RMIT_Bot/lesson3_ws/install/my_first_urdf/share/my_first_urdf/package.dsv
[1.138s] -- Installing: /home/vudinhso/RMIT_Bot/lesson3_ws/install/my_first_urdf/share/ament_index/resource_index/packages/my_first_urdf
[1.138s] -- Installing: /home/vudinhso/RMIT_Bot/lesson3_ws/install/my_first_urdf/share/my_first_urdf/cmake/my_first_urdfConfig.cmake
[1.138s] -- Installing: /home/vudinhso/RMIT_Bot/lesson3_ws/install/my_first_urdf/share/my_first_urdf/cmake/my_first_urdfConfig-version.cmake
[1.138s] -- Installing: /home/vudinhso/RMIT_Bot/lesson3_ws/install/my_first_urdf/share/my_first_urdf/package.xml
[1.141s] Invoked command in '/home/vudinhso/RMIT_Bot/lesson3_ws/build/my_first_urdf' returned '0': CMAKE_PREFIX_PATH=${CMAKE_PREFIX_PATH}:/opt/ros/jazzy DEBUGINFOD_URLS=https://debuginfod.ubuntu.com /usr/bin/cmake --install /home/vudinhso/RMIT_Bot/lesson3_ws/build/my_first_urdf
